<?xml version="1.0" encoding="UTF-8"?>
<!-- Generated by org.testng.reporters.JUnitReportReporter -->
<testsuite hostname="DESKTOP-5I8QE3D" failures="0" tests="1" name="runner.test_runner" time="17.902" errors="0" timestamp="3 Nov 2022 05:28:59 GMT">
  <testcase classname="runner.test_runner" name="runScenario" time="17.902"/>
</testsuite> <!-- runner.test_runner -->
